Determining if the function cblas_dgemm_ exists failed with the following output:
Change Dir: /home/zhang/code_project/Fusion/ElasticFusion-master/GUI/build-src-Desktop_Qt_5_6_1_GCC_64bit-Default/CMakeFiles/CMakeTmp

Run Build Command:"/usr/bin/make" "cmTC_e56a3/fast"
/usr/bin/make -f CMakeFiles/cmTC_e56a3.dir/build.make CMakeFiles/cmTC_e56a3.dir/build
make[1]: Entering directory '/home/zhang/code_project/Fusion/ElasticFusion-master/GUI/build-src-Desktop_Qt_5_6_1_GCC_64bit-Default/CMakeFiles/CMakeTmp'
Building C object CMakeFiles/cmTC_e56a3.dir/CheckFunctionExists.c.o
/usr/bin/cc  -DBLAS_USE_F2C  -DCHECK_FUNCTION_EXISTS=cblas_dgemm_   -o CMakeFiles/cmTC_e56a3.dir/CheckFunctionExists.c.o   -c /usr/share/cmake-3.5/Modules/CheckFunctionExists.c
Linking C executable cmTC_e56a3
/usr/bin/cmake -E cmake_link_script CMakeFiles/cmTC_e56a3.dir/link.txt --verbose=1
/usr/bin/cc   -DCHECK_FUNCTION_EXISTS=cblas_dgemm_    CMakeFiles/cmTC_e56a3.dir/CheckFunctionExists.c.o  -o cmTC_e56a3 -rdynamic /usr/lib/libcblas.so /usr/lib/libf77blas.so /usr/lib/libatlas.so 
CMakeFiles/cmTC_e56a3.dir/CheckFunctionExists.c.o：在函数‘main’中：
CheckFunctionExists.c:(.text+0x15)：对‘cblas_dgemm_’未定义的引用
collect2: error: ld returned 1 exit status
CMakeFiles/cmTC_e56a3.dir/build.make:100: recipe for target 'cmTC_e56a3' failed
make[1]: *** [cmTC_e56a3] Error 1
make[1]: Leaving directory '/home/zhang/code_project/Fusion/ElasticFusion-master/GUI/build-src-Desktop_Qt_5_6_1_GCC_64bit-Default/CMakeFiles/CMakeTmp'
Makefile:126: recipe for target 'cmTC_e56a3/fast' failed
make: *** [cmTC_e56a3/fast] Error 2


Determining if the pthread_create exist failed with the following output:
Change Dir: /home/zhang/code_project/Fusion/ElasticFusion-master/GUI/build-src-Desktop_Qt_5_6_1_GCC_64bit-Default/CMakeFiles/CMakeTmp

Run Build Command:"/usr/bin/make" "cmTC_dfd70/fast"
/usr/bin/make -f CMakeFiles/cmTC_dfd70.dir/build.make CMakeFiles/cmTC_dfd70.dir/build
make[1]: Entering directory '/home/zhang/code_project/Fusion/ElasticFusion-master/GUI/build-src-Desktop_Qt_5_6_1_GCC_64bit-Default/CMakeFiles/CMakeTmp'
Building C object CMakeFiles/cmTC_dfd70.dir/CheckSymbolExists.c.o
/usr/bin/cc    -fPIC    -o CMakeFiles/cmTC_dfd70.dir/CheckSymbolExists.c.o   -c /home/zhang/code_project/Fusion/ElasticFusion-master/GUI/build-src-Desktop_Qt_5_6_1_GCC_64bit-Default/CMakeFiles/CMakeTmp/CheckSymbolExists.c
Linking C executable cmTC_dfd70
/usr/bin/cmake -E cmake_link_script CMakeFiles/cmTC_dfd70.dir/link.txt --verbose=1
/usr/bin/cc  -fPIC     CMakeFiles/cmTC_dfd70.dir/CheckSymbolExists.c.o  -o cmTC_dfd70 -rdynamic 
CMakeFiles/cmTC_dfd70.dir/CheckSymbolExists.c.o：在函数‘main’中：
CheckSymbolExists.c:(.text+0x1b)：对‘pthread_create’未定义的引用
collect2: error: ld returned 1 exit status
CMakeFiles/cmTC_dfd70.dir/build.make:97: recipe for target 'cmTC_dfd70' failed
make[1]: *** [cmTC_dfd70] Error 1
make[1]: Leaving directory '/home/zhang/code_project/Fusion/ElasticFusion-master/GUI/build-src-Desktop_Qt_5_6_1_GCC_64bit-Default/CMakeFiles/CMakeTmp'
Makefile:126: recipe for target 'cmTC_dfd70/fast' failed
make: *** [cmTC_dfd70/fast] Error 2

File /home/zhang/code_project/Fusion/ElasticFusion-master/GUI/build-src-Desktop_Qt_5_6_1_GCC_64bit-Default/CMakeFiles/CMakeTmp/CheckSymbolExists.c:
/* */
#include <pthread.h>

int main(int argc, char** argv)
{
  (void)argv;
#ifndef pthread_create
  return ((int*)(&pthread_create))[argc];
#else
  (void)argc;
  return 0;
#endif
}

Determining if the function pthread_create exists in the pthreads failed with the following output:
Change Dir: /home/zhang/code_project/Fusion/ElasticFusion-master/GUI/build-src-Desktop_Qt_5_6_1_GCC_64bit-Default/CMakeFiles/CMakeTmp

Run Build Command:"/usr/bin/make" "cmTC_ce79b/fast"
/usr/bin/make -f CMakeFiles/cmTC_ce79b.dir/build.make CMakeFiles/cmTC_ce79b.dir/build
make[1]: Entering directory '/home/zhang/code_project/Fusion/ElasticFusion-master/GUI/build-src-Desktop_Qt_5_6_1_GCC_64bit-Default/CMakeFiles/CMakeTmp'
Building C object CMakeFiles/cmTC_ce79b.dir/CheckFunctionExists.c.o
/usr/bin/cc    -fPIC -DCHECK_FUNCTION_EXISTS=pthread_create   -o CMakeFiles/cmTC_ce79b.dir/CheckFunctionExists.c.o   -c /usr/share/cmake-3.5/Modules/CheckFunctionExists.c
Linking C executable cmTC_ce79b
/usr/bin/cmake -E cmake_link_script CMakeFiles/cmTC_ce79b.dir/link.txt --verbose=1
/usr/bin/cc  -fPIC -DCHECK_FUNCTION_EXISTS=pthread_create    CMakeFiles/cmTC_ce79b.dir/CheckFunctionExists.c.o  -o cmTC_ce79b -rdynamic -lpthreads 
/usr/bin/ld: 找不到 -lpthreads
collect2: error: ld returned 1 exit status
CMakeFiles/cmTC_ce79b.dir/build.make:97: recipe for target 'cmTC_ce79b' failed
make[1]: *** [cmTC_ce79b] Error 1
make[1]: Leaving directory '/home/zhang/code_project/Fusion/ElasticFusion-master/GUI/build-src-Desktop_Qt_5_6_1_GCC_64bit-Default/CMakeFiles/CMakeTmp'
Makefile:126: recipe for target 'cmTC_ce79b/fast' failed
make: *** [cmTC_ce79b/fast] Error 2


