Determining if the pthread_create exist failed with the following output:
Change Dir: /home/zhang/github/Code_Project/head_position/face_feature_build/CMakeFiles/CMakeTmp

Run Build Command:"/usr/bin/make" "cmTC_050af/fast"
/usr/bin/make -f CMakeFiles/cmTC_050af.dir/build.make CMakeFiles/cmTC_050af.dir/build
make[1]: Entering directory '/home/zhang/github/Code_Project/head_position/face_feature_build/CMakeFiles/CMakeTmp'
Building C object CMakeFiles/cmTC_050af.dir/CheckSymbolExists.c.o
/usr/bin/cc    -fPIC    -o CMakeFiles/cmTC_050af.dir/CheckSymbolExists.c.o   -c /home/zhang/github/Code_Project/head_position/face_feature_build/CMakeFiles/CMakeTmp/CheckSymbolExists.c
Linking C executable cmTC_050af
/usr/bin/cmake -E cmake_link_script CMakeFiles/cmTC_050af.dir/link.txt --verbose=1
/usr/bin/cc  -fPIC     CMakeFiles/cmTC_050af.dir/CheckSymbolExists.c.o  -o cmTC_050af -rdynamic 
CMakeFiles/cmTC_050af.dir/CheckSymbolExists.c.o：在函数‘main’中：
CheckSymbolExists.c:(.text+0x1b)：对‘pthread_create’未定义的引用
collect2: error: ld returned 1 exit status
CMakeFiles/cmTC_050af.dir/build.make:97: recipe for target 'cmTC_050af' failed
make[1]: *** [cmTC_050af] Error 1
make[1]: Leaving directory '/home/zhang/github/Code_Project/head_position/face_feature_build/CMakeFiles/CMakeTmp'
Makefile:126: recipe for target 'cmTC_050af/fast' failed
make: *** [cmTC_050af/fast] Error 2

File /home/zhang/github/Code_Project/head_position/face_feature_build/CMakeFiles/CMakeTmp/CheckSymbolExists.c:
/* */
#include <pthread.h>

int main(int argc, char** argv)
{
  (void)argv;
#ifndef pthread_create
  return ((int*)(&pthread_create))[argc];
#else
  (void)argc;
  return 0;
#endif
}

Determining if the function pthread_create exists in the pthreads failed with the following output:
Change Dir: /home/zhang/github/Code_Project/head_position/face_feature_build/CMakeFiles/CMakeTmp

Run Build Command:"/usr/bin/make" "cmTC_3f6a7/fast"
/usr/bin/make -f CMakeFiles/cmTC_3f6a7.dir/build.make CMakeFiles/cmTC_3f6a7.dir/build
make[1]: Entering directory '/home/zhang/github/Code_Project/head_position/face_feature_build/CMakeFiles/CMakeTmp'
Building C object CMakeFiles/cmTC_3f6a7.dir/CheckFunctionExists.c.o
/usr/bin/cc    -fPIC -DCHECK_FUNCTION_EXISTS=pthread_create   -o CMakeFiles/cmTC_3f6a7.dir/CheckFunctionExists.c.o   -c /usr/share/cmake-3.5/Modules/CheckFunctionExists.c
Linking C executable cmTC_3f6a7
/usr/bin/cmake -E cmake_link_script CMakeFiles/cmTC_3f6a7.dir/link.txt --verbose=1
/usr/bin/cc  -fPIC -DCHECK_FUNCTION_EXISTS=pthread_create    CMakeFiles/cmTC_3f6a7.dir/CheckFunctionExists.c.o  -o cmTC_3f6a7 -rdynamic -lpthreads 
/usr/bin/ld: 找不到 -lpthreads
collect2: error: ld returned 1 exit status
CMakeFiles/cmTC_3f6a7.dir/build.make:97: recipe for target 'cmTC_3f6a7' failed
make[1]: *** [cmTC_3f6a7] Error 1
make[1]: Leaving directory '/home/zhang/github/Code_Project/head_position/face_feature_build/CMakeFiles/CMakeTmp'
Makefile:126: recipe for target 'cmTC_3f6a7/fast' failed
make: *** [cmTC_3f6a7/fast] Error 2


